<?xml version="1.0" encoding="UTF-8"?>
<!-- Generated by org.testng.reporters.JUnitXMLReporter -->
<testsuite ignored="2" hostname="FJLRivera86" failures="1" tests="1" name="Login Tests" time="0.119" errors="0" timestamp="2020-08-24T14:08:17 CDT">
  <testcase classname="com.testng.test.FirstTest" name="login" time="0.016">
    <failure type="java.lang.AssertionError" message="The following asserts failed:
	expected [pageName] but found [pagesName]">
      <![CDATA[java.lang.AssertionError: The following asserts failed:
expected [pageName] but found [pagesName]
at com.testng.test.FirstTest.login(FirstTest.java:36)
at java.base/java.util.ArrayList.forEach(ArrayList.java:1541)
... Removed 29 stack frames]]>
    </failure>
  </testcase> <!-- login -->
  <testcase classname="com.testng.test.FirstTest" name="logout" time="0.0">
    <ignored/>
  </testcase> <!-- logout -->
  <testcase classname="com.testng.test.FirstTest" name="actionsInside" time="0.0">
    <ignored/>
  </testcase> <!-- actionsInside -->
</testsuite> <!-- Login Tests -->
