<?xml version="1.0" encoding="UTF-8"?>
<!-- Generated by org.testng.reporters.JUnitXMLReporter -->
<testsuite ignored="1" hostname="FJLRivera86" failures="0" tests="2" name="Instructions Tests" time="0.008" errors="0" timestamp="2020-08-24T14:08:34 CDT">
  <testcase classname="com.testng.test.SecondTest" name="actionsInside" time="0.001"/>
  <testcase classname="com.testng.test.SecondTest" name="logout" time="0.001"/>
  <testcase classname="com.testng.test.SecondTest" name="login" time="0.0">
    <ignored/>
  </testcase> <!-- login -->
</testsuite> <!-- Instructions Tests -->
