<?xml version="1.0" encoding="UTF-8"?>
<!-- Generated by org.testng.reporters.JUnitXMLReporter -->
<testsuite ignored="1" hostname="FJLRivera86" failures="0" tests="2" name="Logout Tests" time="0.013" errors="0" timestamp="2020-08-24T14:08:34 CDT">
  <testcase classname="com.testng.test.ThirdTest" name="actionsInside" time="0.002"/>
  <testcase classname="com.testng.test.ThirdTest" name="logout" time="0.002"/>
  <testcase classname="com.testng.test.ThirdTest" name="login" time="0.0">
    <ignored/>
  </testcase> <!-- login -->
</testsuite> <!-- Logout Tests -->
