<?xml version="1.0" encoding="UTF-8"?>
<!-- Generated by org.testng.reporters.JUnitXMLReporter -->
<testsuite ignored="0" hostname="FJLRivera86" failures="6" tests="9" name="Test" time="0.131" errors="0" timestamp="2020-08-24T10:57:13 CDT">
  <testcase classname="com.testng.test.ThirdTest" name="login" time="0.008">
    <failure type="java.lang.AssertionError" message="expected:&amp;lt;pagesName&amp;gt; but was:&amp;lt;pageName&amp;gt;">
      <![CDATA[java.lang.AssertionError: expected:<pagesName> but was:<pageName>
at com.testng.test.ThirdTest.login(ThirdTest.java:27)
at java.base/java.util.ArrayList.forEach(ArrayList.java:1541)
... Removed 29 stack frames]]>
    </failure>
  </testcase> <!-- login -->
  <testcase classname="com.testng.test.ThirdTest" name="actionsInside" time="0.003">
    <failure type="java.lang.AssertionError">
      <![CDATA[java.lang.AssertionError: 
at com.testng.test.ThirdTest.actionsInside(ThirdTest.java:39)
at java.base/java.util.ArrayList.forEach(ArrayList.java:1541)
... Removed 30 stack frames]]>
    </failure>
  </testcase> <!-- actionsInside -->
  <testcase classname="com.testng.test.ThirdTest" name="logout" time="0.003"/>
  <testcase classname="com.testng.test.SecondTest" name="login" time="0.001">
    <failure type="java.lang.AssertionError" message="expected:&amp;lt;pagesName&amp;gt; but was:&amp;lt;pageName&amp;gt;">
      <![CDATA[java.lang.AssertionError: expected:<pagesName> but was:<pageName>
at com.testng.test.SecondTest.login(SecondTest.java:27)
at java.base/java.util.ArrayList.forEach(ArrayList.java:1541)
... Removed 29 stack frames]]>
    </failure>
  </testcase> <!-- login -->
  <testcase classname="com.testng.test.SecondTest" name="actionsInside" time="0.001">
    <failure type="java.lang.AssertionError">
      <![CDATA[java.lang.AssertionError: 
at com.testng.test.SecondTest.actionsInside(SecondTest.java:39)
at java.base/java.util.ArrayList.forEach(ArrayList.java:1541)
... Removed 30 stack frames]]>
    </failure>
  </testcase> <!-- actionsInside -->
  <testcase classname="com.testng.test.SecondTest" name="logout" time="0.002"/>
  <testcase classname="com.testng.test.FirstTest" name="login" time="0.003">
    <failure type="java.lang.AssertionError" message="expected:&amp;lt;pagesName&amp;gt; but was:&amp;lt;pageName&amp;gt;">
      <![CDATA[java.lang.AssertionError: expected:<pagesName> but was:<pageName>
at com.testng.test.FirstTest.login(FirstTest.java:27)
at java.base/java.util.ArrayList.forEach(ArrayList.java:1541)
... Removed 29 stack frames]]>
    </failure>
  </testcase> <!-- login -->
  <testcase classname="com.testng.test.FirstTest" name="actionsInside" time="0.004">
    <failure type="java.lang.AssertionError">
      <![CDATA[java.lang.AssertionError: 
at com.testng.test.FirstTest.actionsInside(FirstTest.java:39)
at java.base/java.util.ArrayList.forEach(ArrayList.java:1541)
... Removed 30 stack frames]]>
    </failure>
  </testcase> <!-- actionsInside -->
  <testcase classname="com.testng.test.FirstTest" name="logout" time="0.001"/>
</testsuite> <!-- Test -->
